(0.001) SELECT "django_session"."session_key", "django_session"."session_data", "django_session"."expire_date" FROM "django_session" WHERE ("django_session"."expire_date" > '2023-08-08 12:58:34.666354' AND "django_session"."session_key" = 'ig7fxbcdkhjd6xsmdal3mld9dn95gdli') LIMIT 21; args=('2023-08-08 12:58:34.666354', 'ig7fxbcdkhjd6xsmdal3mld9dn95gdli'); alias=default
(0.000) SELECT "auth_user"."id", "auth_user"."password", "auth_user"."last_login", "auth_user"."is_superuser", "auth_user"."username", "auth_user"."first_name", "auth_user"."last_name", "auth_user"."email", "auth_user"."is_staff", "auth_user"."is_active", "auth_user"."date_joined" FROM "auth_user" WHERE "auth_user"."id" = 1 LIMIT 21; args=(1,); alias=default
(0.001) SELECT "site_checker_notification"."id", "site_checker_notification"."notification", "site_checker_notification"."is_active" FROM "site_checker_notification" WHERE "site_checker_notification"."is_active"; args=(); alias=default
(0.000) SELECT "django_session"."session_key", "django_session"."session_data", "django_session"."expire_date" FROM "django_session" WHERE ("django_session"."expire_date" > '2023-08-08 12:58:38.968879' AND "django_session"."session_key" = 'ig7fxbcdkhjd6xsmdal3mld9dn95gdli') LIMIT 21; args=('2023-08-08 12:58:38.968879', 'ig7fxbcdkhjd6xsmdal3mld9dn95gdli'); alias=default
(0.000) SELECT "auth_user"."id", "auth_user"."password", "auth_user"."last_login", "auth_user"."is_superuser", "auth_user"."username", "auth_user"."first_name", "auth_user"."last_name", "auth_user"."email", "auth_user"."is_staff", "auth_user"."is_active", "auth_user"."date_joined" FROM "auth_user" WHERE "auth_user"."id" = 1 LIMIT 21; args=(1,); alias=default
Exception while resolving variable 'name' in template 'unknown'.
Traceback (most recent call last):
  File "/home/roman/.cache/pypoetry/virtualenvs/site-checker-7w_O4fK--py3.10/lib/python3.10/site-packages/django/core/handlers/exception.py", line 55, in inner
    response = get_response(request)
  File "/home/roman/.cache/pypoetry/virtualenvs/site-checker-7w_O4fK--py3.10/lib/python3.10/site-packages/django/core/handlers/base.py", line 181, in _get_response
    callback, callback_args, callback_kwargs = self.resolve_request(request)
  File "/home/roman/.cache/pypoetry/virtualenvs/site-checker-7w_O4fK--py3.10/lib/python3.10/site-packages/django/core/handlers/base.py", line 313, in resolve_request
    resolver_match = resolver.resolve(request.path_info)
  File "/home/roman/.cache/pypoetry/virtualenvs/site-checker-7w_O4fK--py3.10/lib/python3.10/site-packages/django/urls/resolvers.py", line 702, in resolve
    raise Resolver404({"tried": tried, "path": new_path})
django.urls.exceptions.Resolver404: {'tried': [[<URLResolver <URLPattern list> (admin:admin) 'admin/'>], [<URLPattern '' [name='index']>], [<URLPattern 'login/' [name='login']>], [<URLPattern 'logout/' [name='logout']>], [<URLPattern 'urls/' [name='url_list']>], [<URLPattern 'checks/' [name='checks_list']>], [<URLPattern 'start_checks/' [name='start_checks']>], [<URLPattern 'add_urls/' [name='add_urls']>], [<URLPattern '<int:pk>/update/' [name='update_url']>], [<URLPattern '<int:pk>/delete/' [name='delete_url']>], [<URLPattern 'parse_urls/' [name='parse_urls']>], [<URLPattern 'parse_urls_list/' [name='parse_urls_list']>], [<URLPattern 'check_text/' [name='check_text']>], [<URLPattern 'check_text_list/' [name='check_text_list']>], [<URLPattern 'dismiss-notification/<int:notification_id>/' [name='dismiss_notification']>]], 'path': 'favicon.ico'}

During handling of the above exception, another exception occurred:

Traceback (most recent call last):
  File "/home/roman/.cache/pypoetry/virtualenvs/site-checker-7w_O4fK--py3.10/lib/python3.10/site-packages/django/template/base.py", line 880, in _resolve_lookup
    current = current[bit]
TypeError: 'URLResolver' object is not subscriptable

During handling of the above exception, another exception occurred:

Traceback (most recent call last):
  File "/home/roman/.cache/pypoetry/virtualenvs/site-checker-7w_O4fK--py3.10/lib/python3.10/site-packages/django/template/base.py", line 890, in _resolve_lookup
    current = getattr(current, bit)
AttributeError: 'URLResolver' object has no attribute 'name'

During handling of the above exception, another exception occurred:

Traceback (most recent call last):
  File "/home/roman/.cache/pypoetry/virtualenvs/site-checker-7w_O4fK--py3.10/lib/python3.10/site-packages/django/template/base.py", line 896, in _resolve_lookup
    current = current[int(bit)]
ValueError: invalid literal for int() with base 10: 'name'

During handling of the above exception, another exception occurred:

Traceback (most recent call last):
  File "/home/roman/.cache/pypoetry/virtualenvs/site-checker-7w_O4fK--py3.10/lib/python3.10/site-packages/django/template/base.py", line 903, in _resolve_lookup
    raise VariableDoesNotExist(
django.template.base.VariableDoesNotExist: Failed lookup for key [name] in <URLResolver <URLPattern list> (admin:admin) 'admin/'>
Not Found: /favicon.ico
(0.000) SELECT "django_session"."session_key", "django_session"."session_data", "django_session"."expire_date" FROM "django_session" WHERE ("django_session"."expire_date" > '2023-08-08 12:58:45.288466' AND "django_session"."session_key" = 'ig7fxbcdkhjd6xsmdal3mld9dn95gdli') LIMIT 21; args=('2023-08-08 12:58:45.288466', 'ig7fxbcdkhjd6xsmdal3mld9dn95gdli'); alias=default
(0.000) SELECT "auth_user"."id", "auth_user"."password", "auth_user"."last_login", "auth_user"."is_superuser", "auth_user"."username", "auth_user"."first_name", "auth_user"."last_name", "auth_user"."email", "auth_user"."is_staff", "auth_user"."is_active", "auth_user"."date_joined" FROM "auth_user" WHERE "auth_user"."id" = 1 LIMIT 21; args=(1,); alias=default
(0.000) SELECT "site_checker_notification"."id", "site_checker_notification"."notification", "site_checker_notification"."is_active" FROM "site_checker_notification" WHERE "site_checker_notification"."is_active"; args=(); alias=default
(0.000) SELECT "site_checker_check"."id", "site_checker_check"."url_name_id", "site_checker_check"."has_expected_title", "site_checker_check"."actual_response_by_http", "site_checker_check"."actual_response_by_https", "site_checker_check"."has_expected_text", "site_checker_check"."created_at" FROM "site_checker_check"; args=(); alias=default
(0.000) SELECT "site_checker_url"."id", "site_checker_url"."name", "site_checker_url"."expected_title", "site_checker_url"."expected_response_by_http", "site_checker_url"."expected_response_by_https", "site_checker_url"."expected_text", "site_checker_url"."check_details", "site_checker_url"."created_at" FROM "site_checker_url" WHERE "site_checker_url"."id" = 27 LIMIT 21; args=(27,); alias=default
(0.000) SELECT "site_checker_url"."id", "site_checker_url"."name", "site_checker_url"."expected_title", "site_checker_url"."expected_response_by_http", "site_checker_url"."expected_response_by_https", "site_checker_url"."expected_text", "site_checker_url"."check_details", "site_checker_url"."created_at" FROM "site_checker_url" WHERE "site_checker_url"."id" = 28 LIMIT 21; args=(28,); alias=default
(0.000) SELECT "django_session"."session_key", "django_session"."session_data", "django_session"."expire_date" FROM "django_session" WHERE ("django_session"."expire_date" > '2023-08-08 12:58:47.111109' AND "django_session"."session_key" = 'ig7fxbcdkhjd6xsmdal3mld9dn95gdli') LIMIT 21; args=('2023-08-08 12:58:47.111109', 'ig7fxbcdkhjd6xsmdal3mld9dn95gdli'); alias=default
(0.000) SELECT "auth_user"."id", "auth_user"."password", "auth_user"."last_login", "auth_user"."is_superuser", "auth_user"."username", "auth_user"."first_name", "auth_user"."last_name", "auth_user"."email", "auth_user"."is_staff", "auth_user"."is_active", "auth_user"."date_joined" FROM "auth_user" WHERE "auth_user"."id" = 1 LIMIT 21; args=(1,); alias=default
(0.001) INSERT INTO "site_checker_notification" ("notification", "is_active") VALUES ('Проверка от Tue Aug  8 12:58:47 2023 началась', 1) RETURNING "site_checker_notification"."id"; args=('Проверка от Tue Aug  8 12:58:47 2023 началась', True); alias=default
(0.019) SELECT "django_session"."session_key", "django_session"."session_data", "django_session"."expire_date" FROM "django_session" WHERE ("django_session"."expire_date" > '2023-08-08 12:58:47.206609' AND "django_session"."session_key" = 'ig7fxbcdkhjd6xsmdal3mld9dn95gdli') LIMIT 21; args=('2023-08-08 12:58:47.206609', 'ig7fxbcdkhjd6xsmdal3mld9dn95gdli'); alias=default
(0.000) SELECT "site_checker_url"."id", "site_checker_url"."name", "site_checker_url"."expected_title", "site_checker_url"."expected_response_by_http", "site_checker_url"."expected_response_by_https", "site_checker_url"."expected_text", "site_checker_url"."check_details", "site_checker_url"."created_at" FROM "site_checker_url"; args=(); alias=default
(0.000) SELECT "auth_user"."id", "auth_user"."password", "auth_user"."last_login", "auth_user"."is_superuser", "auth_user"."username", "auth_user"."first_name", "auth_user"."last_name", "auth_user"."email", "auth_user"."is_staff", "auth_user"."is_active", "auth_user"."date_joined" FROM "auth_user" WHERE "auth_user"."id" = 1 LIMIT 21; args=(1,); alias=default
(0.000) SELECT "site_checker_notification"."id", "site_checker_notification"."notification", "site_checker_notification"."is_active" FROM "site_checker_notification" WHERE "site_checker_notification"."is_active"; args=(); alias=default
(0.000) SELECT "site_checker_check"."id", "site_checker_check"."url_name_id", "site_checker_check"."has_expected_title", "site_checker_check"."actual_response_by_http", "site_checker_check"."actual_response_by_https", "site_checker_check"."has_expected_text", "site_checker_check"."created_at" FROM "site_checker_check"; args=(); alias=default
(0.000) SELECT "site_checker_url"."id", "site_checker_url"."name", "site_checker_url"."expected_title", "site_checker_url"."expected_response_by_http", "site_checker_url"."expected_response_by_https", "site_checker_url"."expected_text", "site_checker_url"."check_details", "site_checker_url"."created_at" FROM "site_checker_url" WHERE "site_checker_url"."id" = 27 LIMIT 21; args=(27,); alias=default
(0.000) SELECT "site_checker_url"."id", "site_checker_url"."name", "site_checker_url"."expected_title", "site_checker_url"."expected_response_by_http", "site_checker_url"."expected_response_by_https", "site_checker_url"."expected_text", "site_checker_url"."check_details", "site_checker_url"."created_at" FROM "site_checker_url" WHERE "site_checker_url"."id" = 28 LIMIT 21; args=(28,); alias=default
(0.008) INSERT INTO "site_checker_check" ("url_name_id", "has_expected_title", "actual_response_by_http", "actual_response_by_https", "has_expected_text", "created_at") VALUES (27, 1, 301, 200, 1, '2023-08-08 12:58:48.313563') RETURNING "site_checker_check"."id"; args=(27, True, 301, 200, True, '2023-08-08 12:58:48.313563'); alias=default
(0.000) INSERT INTO "site_checker_check" ("url_name_id", "has_expected_title", "actual_response_by_http", "actual_response_by_https", "has_expected_text", "created_at") VALUES (28, 1, 301, 200, 1, '2023-08-08 12:58:50.883442') RETURNING "site_checker_check"."id"; args=(28, True, 301, 200, True, '2023-08-08 12:58:50.883442'); alias=default
(0.000) INSERT INTO "site_checker_notification" ("notification", "is_active") VALUES ('Проверка от Tue Aug  8 12:58:47 2023 закончилась', 1) RETURNING "site_checker_notification"."id"; args=('Проверка от Tue Aug  8 12:58:47 2023 закончилась', True); alias=default
(0.001) SELECT "django_session"."session_key", "django_session"."session_data", "django_session"."expire_date" FROM "django_session" WHERE ("django_session"."expire_date" > '2023-08-08 12:58:57.161400' AND "django_session"."session_key" = 'ig7fxbcdkhjd6xsmdal3mld9dn95gdli') LIMIT 21; args=('2023-08-08 12:58:57.161400', 'ig7fxbcdkhjd6xsmdal3mld9dn95gdli'); alias=default
(0.000) SELECT "auth_user"."id", "auth_user"."password", "auth_user"."last_login", "auth_user"."is_superuser", "auth_user"."username", "auth_user"."first_name", "auth_user"."last_name", "auth_user"."email", "auth_user"."is_staff", "auth_user"."is_active", "auth_user"."date_joined" FROM "auth_user" WHERE "auth_user"."id" = 1 LIMIT 21; args=(1,); alias=default
(0.000) SELECT "site_checker_notification"."id", "site_checker_notification"."notification", "site_checker_notification"."is_active" FROM "site_checker_notification" WHERE "site_checker_notification"."id" = 72 LIMIT 21; args=(72,); alias=default
(0.016) UPDATE "site_checker_notification" SET "notification" = 'Проверка от Tue Aug  8 12:58:47 2023 началась', "is_active" = 0 WHERE "site_checker_notification"."id" = 72; args=('Проверка от Tue Aug  8 12:58:47 2023 началась', False, 72); alias=default
(0.000) SELECT "django_session"."session_key", "django_session"."session_data", "django_session"."expire_date" FROM "django_session" WHERE ("django_session"."expire_date" > '2023-08-08 12:58:58.764213' AND "django_session"."session_key" = 'ig7fxbcdkhjd6xsmdal3mld9dn95gdli') LIMIT 21; args=('2023-08-08 12:58:58.764213', 'ig7fxbcdkhjd6xsmdal3mld9dn95gdli'); alias=default
(0.000) SELECT "auth_user"."id", "auth_user"."password", "auth_user"."last_login", "auth_user"."is_superuser", "auth_user"."username", "auth_user"."first_name", "auth_user"."last_name", "auth_user"."email", "auth_user"."is_staff", "auth_user"."is_active", "auth_user"."date_joined" FROM "auth_user" WHERE "auth_user"."id" = 1 LIMIT 21; args=(1,); alias=default
(0.000) SELECT "site_checker_notification"."id", "site_checker_notification"."notification", "site_checker_notification"."is_active" FROM "site_checker_notification" WHERE "site_checker_notification"."is_active"; args=(); alias=default
(0.000) SELECT "site_checker_url"."id", "site_checker_url"."name", "site_checker_url"."expected_title", "site_checker_url"."expected_response_by_http", "site_checker_url"."expected_response_by_https", "site_checker_url"."expected_text", "site_checker_url"."check_details", "site_checker_url"."created_at" FROM "site_checker_url"; args=(); alias=default
(0.000) SELECT "django_session"."session_key", "django_session"."session_data", "django_session"."expire_date" FROM "django_session" WHERE ("django_session"."expire_date" > '2023-08-08 12:59:01.669533' AND "django_session"."session_key" = 'ig7fxbcdkhjd6xsmdal3mld9dn95gdli') LIMIT 21; args=('2023-08-08 12:59:01.669533', 'ig7fxbcdkhjd6xsmdal3mld9dn95gdli'); alias=default
(0.000) SELECT "auth_user"."id", "auth_user"."password", "auth_user"."last_login", "auth_user"."is_superuser", "auth_user"."username", "auth_user"."first_name", "auth_user"."last_name", "auth_user"."email", "auth_user"."is_staff", "auth_user"."is_active", "auth_user"."date_joined" FROM "auth_user" WHERE "auth_user"."id" = 1 LIMIT 21; args=(1,); alias=default
(0.000) SELECT "site_checker_notification"."id", "site_checker_notification"."notification", "site_checker_notification"."is_active" FROM "site_checker_notification" WHERE "site_checker_notification"."is_active"; args=(); alias=default
(0.000) SELECT "site_checker_check"."id", "site_checker_check"."url_name_id", "site_checker_check"."has_expected_title", "site_checker_check"."actual_response_by_http", "site_checker_check"."actual_response_by_https", "site_checker_check"."has_expected_text", "site_checker_check"."created_at" FROM "site_checker_check"; args=(); alias=default
(0.000) SELECT "site_checker_url"."id", "site_checker_url"."name", "site_checker_url"."expected_title", "site_checker_url"."expected_response_by_http", "site_checker_url"."expected_response_by_https", "site_checker_url"."expected_text", "site_checker_url"."check_details", "site_checker_url"."created_at" FROM "site_checker_url" WHERE "site_checker_url"."id" = 27 LIMIT 21; args=(27,); alias=default
(0.000) SELECT "site_checker_url"."id", "site_checker_url"."name", "site_checker_url"."expected_title", "site_checker_url"."expected_response_by_http", "site_checker_url"."expected_response_by_https", "site_checker_url"."expected_text", "site_checker_url"."check_details", "site_checker_url"."created_at" FROM "site_checker_url" WHERE "site_checker_url"."id" = 28 LIMIT 21; args=(28,); alias=default
(0.000) SELECT "site_checker_url"."id", "site_checker_url"."name", "site_checker_url"."expected_title", "site_checker_url"."expected_response_by_http", "site_checker_url"."expected_response_by_https", "site_checker_url"."expected_text", "site_checker_url"."check_details", "site_checker_url"."created_at" FROM "site_checker_url" WHERE "site_checker_url"."id" = 27 LIMIT 21; args=(27,); alias=default
(0.000) SELECT "site_checker_url"."id", "site_checker_url"."name", "site_checker_url"."expected_title", "site_checker_url"."expected_response_by_http", "site_checker_url"."expected_response_by_https", "site_checker_url"."expected_text", "site_checker_url"."check_details", "site_checker_url"."created_at" FROM "site_checker_url" WHERE "site_checker_url"."id" = 28 LIMIT 21; args=(28,); alias=default
(0.000) SELECT "django_session"."session_key", "django_session"."session_data", "django_session"."expire_date" FROM "django_session" WHERE ("django_session"."expire_date" > '2023-08-08 12:59:02.438352' AND "django_session"."session_key" = 'ig7fxbcdkhjd6xsmdal3mld9dn95gdli') LIMIT 21; args=('2023-08-08 12:59:02.438352', 'ig7fxbcdkhjd6xsmdal3mld9dn95gdli'); alias=default
(0.000) SELECT "auth_user"."id", "auth_user"."password", "auth_user"."last_login", "auth_user"."is_superuser", "auth_user"."username", "auth_user"."first_name", "auth_user"."last_name", "auth_user"."email", "auth_user"."is_staff", "auth_user"."is_active", "auth_user"."date_joined" FROM "auth_user" WHERE "auth_user"."id" = 1 LIMIT 21; args=(1,); alias=default
(0.000) SELECT "site_checker_notification"."id", "site_checker_notification"."notification", "site_checker_notification"."is_active" FROM "site_checker_notification" WHERE "site_checker_notification"."is_active"; args=(); alias=default
(0.000) SELECT "site_checker_url"."id", "site_checker_url"."name", "site_checker_url"."expected_title", "site_checker_url"."expected_response_by_http", "site_checker_url"."expected_response_by_https", "site_checker_url"."expected_text", "site_checker_url"."check_details", "site_checker_url"."created_at" FROM "site_checker_url"; args=(); alias=default
(0.000) SELECT "django_session"."session_key", "django_session"."session_data", "django_session"."expire_date" FROM "django_session" WHERE ("django_session"."expire_date" > '2023-08-08 12:59:03.608139' AND "django_session"."session_key" = 'ig7fxbcdkhjd6xsmdal3mld9dn95gdli') LIMIT 21; args=('2023-08-08 12:59:03.608139', 'ig7fxbcdkhjd6xsmdal3mld9dn95gdli'); alias=default
(0.000) SELECT "auth_user"."id", "auth_user"."password", "auth_user"."last_login", "auth_user"."is_superuser", "auth_user"."username", "auth_user"."first_name", "auth_user"."last_name", "auth_user"."email", "auth_user"."is_staff", "auth_user"."is_active", "auth_user"."date_joined" FROM "auth_user" WHERE "auth_user"."id" = 1 LIMIT 21; args=(1,); alias=default
(0.000) SELECT "site_checker_notification"."id", "site_checker_notification"."notification", "site_checker_notification"."is_active" FROM "site_checker_notification" WHERE "site_checker_notification"."id" = 73 LIMIT 21; args=(73,); alias=default
(0.023) UPDATE "site_checker_notification" SET "notification" = 'Проверка от Tue Aug  8 12:58:47 2023 закончилась', "is_active" = 0 WHERE "site_checker_notification"."id" = 73; args=('Проверка от Tue Aug  8 12:58:47 2023 закончилась', False, 73); alias=default
(0.001) SELECT "django_session"."session_key", "django_session"."session_data", "django_session"."expire_date" FROM "django_session" WHERE ("django_session"."expire_date" > '2023-08-08 13:10:42.821065' AND "django_session"."session_key" = 'ig7fxbcdkhjd6xsmdal3mld9dn95gdli') LIMIT 21; args=('2023-08-08 13:10:42.821065', 'ig7fxbcdkhjd6xsmdal3mld9dn95gdli'); alias=default
(0.000) SELECT "auth_user"."id", "auth_user"."password", "auth_user"."last_login", "auth_user"."is_superuser", "auth_user"."username", "auth_user"."first_name", "auth_user"."last_name", "auth_user"."email", "auth_user"."is_staff", "auth_user"."is_active", "auth_user"."date_joined" FROM "auth_user" WHERE "auth_user"."id" = 1 LIMIT 21; args=(1,); alias=default
(0.000) SELECT "site_checker_notification"."id", "site_checker_notification"."notification", "site_checker_notification"."is_active" FROM "site_checker_notification" WHERE "site_checker_notification"."is_active"; args=(); alias=default
(0.001) SELECT "django_session"."session_key", "django_session"."session_data", "django_session"."expire_date" FROM "django_session" WHERE ("django_session"."expire_date" > '2023-08-08 13:10:45.278812' AND "django_session"."session_key" = 'ig7fxbcdkhjd6xsmdal3mld9dn95gdli') LIMIT 21; args=('2023-08-08 13:10:45.278812', 'ig7fxbcdkhjd6xsmdal3mld9dn95gdli'); alias=default
(0.000) SELECT "auth_user"."id", "auth_user"."password", "auth_user"."last_login", "auth_user"."is_superuser", "auth_user"."username", "auth_user"."first_name", "auth_user"."last_name", "auth_user"."email", "auth_user"."is_staff", "auth_user"."is_active", "auth_user"."date_joined" FROM "auth_user" WHERE "auth_user"."id" = 1 LIMIT 21; args=(1,); alias=default
(0.001) INSERT INTO "site_checker_notification" ("notification", "is_active") VALUES ('Подготовка citizn-remonts.ru
longins-remonts.ru
kuppersberg началась', 1) RETURNING "site_checker_notification"."id"; args=('Подготовка citizn-remonts.ru\r\nlongins-remonts.ru\r\nkuppersberg началась', True); alias=default
(0.018) SELECT "site_checker_notification"."id", "site_checker_notification"."notification", "site_checker_notification"."is_active" FROM "site_checker_notification" WHERE "site_checker_notification"."is_active"; args=(); alias=default
(0.000) SELECT "django_session"."session_key", "django_session"."session_data", "django_session"."expire_date" FROM "django_session" WHERE ("django_session"."expire_date" > '2023-08-08 13:10:46.756120' AND "django_session"."session_key" = 'ig7fxbcdkhjd6xsmdal3mld9dn95gdli') LIMIT 21; args=('2023-08-08 13:10:46.756120', 'ig7fxbcdkhjd6xsmdal3mld9dn95gdli'); alias=default
(0.000) SELECT "auth_user"."id", "auth_user"."password", "auth_user"."last_login", "auth_user"."is_superuser", "auth_user"."username", "auth_user"."first_name", "auth_user"."last_name", "auth_user"."email", "auth_user"."is_staff", "auth_user"."is_active", "auth_user"."date_joined" FROM "auth_user" WHERE "auth_user"."id" = 1 LIMIT 21; args=(1,); alias=default
(0.000) SELECT "site_checker_notification"."id", "site_checker_notification"."notification", "site_checker_notification"."is_active" FROM "site_checker_notification" WHERE "site_checker_notification"."id" = 74 LIMIT 21; args=(74,); alias=default
(0.008) UPDATE "site_checker_notification" SET "notification" = 'Подготовка citizn-remonts.ru
longins-remonts.ru
kuppersberg началась', "is_active" = 0 WHERE "site_checker_notification"."id" = 74; args=('Подготовка citizn-remonts.ru\r\nlongins-remonts.ru\r\nkuppersberg началась', False, 74); alias=default
(0.000) SELECT "django_session"."session_key", "django_session"."session_data", "django_session"."expire_date" FROM "django_session" WHERE ("django_session"."expire_date" > '2023-08-08 13:10:48.669402' AND "django_session"."session_key" = 'ig7fxbcdkhjd6xsmdal3mld9dn95gdli') LIMIT 21; args=('2023-08-08 13:10:48.669402', 'ig7fxbcdkhjd6xsmdal3mld9dn95gdli'); alias=default
(0.000) SELECT "auth_user"."id", "auth_user"."password", "auth_user"."last_login", "auth_user"."is_superuser", "auth_user"."username", "auth_user"."first_name", "auth_user"."last_name", "auth_user"."email", "auth_user"."is_staff", "auth_user"."is_active", "auth_user"."date_joined" FROM "auth_user" WHERE "auth_user"."id" = 1 LIMIT 21; args=(1,); alias=default
(0.000) SELECT "site_checker_notification"."id", "site_checker_notification"."notification", "site_checker_notification"."is_active" FROM "site_checker_notification" WHERE "site_checker_notification"."is_active"; args=(); alias=default
(0.000) SELECT "site_checker_lastparse"."id", "site_checker_lastparse"."parse_data", "site_checker_lastparse"."created_at" FROM "site_checker_lastparse"; args=(); alias=default
(0.001) SELECT "django_session"."session_key", "django_session"."session_data", "django_session"."expire_date" FROM "django_session" WHERE ("django_session"."expire_date" > '2023-08-08 13:10:50.583433' AND "django_session"."session_key" = 'ig7fxbcdkhjd6xsmdal3mld9dn95gdli') LIMIT 21; args=('2023-08-08 13:10:50.583433', 'ig7fxbcdkhjd6xsmdal3mld9dn95gdli'); alias=default
(0.000) SELECT "auth_user"."id", "auth_user"."password", "auth_user"."last_login", "auth_user"."is_superuser", "auth_user"."username", "auth_user"."first_name", "auth_user"."last_name", "auth_user"."email", "auth_user"."is_staff", "auth_user"."is_active", "auth_user"."date_joined" FROM "auth_user" WHERE "auth_user"."id" = 1 LIMIT 21; args=(1,); alias=default
(0.000) SELECT "site_checker_notification"."id", "site_checker_notification"."notification", "site_checker_notification"."is_active" FROM "site_checker_notification" WHERE "site_checker_notification"."is_active"; args=(); alias=default
(0.000) SELECT "django_session"."session_key", "django_session"."session_data", "django_session"."expire_date" FROM "django_session" WHERE ("django_session"."expire_date" > '2023-08-08 13:10:51.798593' AND "django_session"."session_key" = 'ig7fxbcdkhjd6xsmdal3mld9dn95gdli') LIMIT 21; args=('2023-08-08 13:10:51.798593', 'ig7fxbcdkhjd6xsmdal3mld9dn95gdli'); alias=default
(0.000) SELECT "auth_user"."id", "auth_user"."password", "auth_user"."last_login", "auth_user"."is_superuser", "auth_user"."username", "auth_user"."first_name", "auth_user"."last_name", "auth_user"."email", "auth_user"."is_staff", "auth_user"."is_active", "auth_user"."date_joined" FROM "auth_user" WHERE "auth_user"."id" = 1 LIMIT 21; args=(1,); alias=default
(0.000) SELECT "site_checker_notification"."id", "site_checker_notification"."notification", "site_checker_notification"."is_active" FROM "site_checker_notification" WHERE "site_checker_notification"."is_active"; args=(); alias=default
(0.000) SELECT "site_checker_lastparse"."id", "site_checker_lastparse"."parse_data", "site_checker_lastparse"."created_at" FROM "site_checker_lastparse"; args=(); alias=default
(0.000) SELECT "django_session"."session_key", "django_session"."session_data", "django_session"."expire_date" FROM "django_session" WHERE ("django_session"."expire_date" > '2023-08-08 13:10:53.878260' AND "django_session"."session_key" = 'ig7fxbcdkhjd6xsmdal3mld9dn95gdli') LIMIT 21; args=('2023-08-08 13:10:53.878260', 'ig7fxbcdkhjd6xsmdal3mld9dn95gdli'); alias=default
(0.000) SELECT "auth_user"."id", "auth_user"."password", "auth_user"."last_login", "auth_user"."is_superuser", "auth_user"."username", "auth_user"."first_name", "auth_user"."last_name", "auth_user"."email", "auth_user"."is_staff", "auth_user"."is_active", "auth_user"."date_joined" FROM "auth_user" WHERE "auth_user"."id" = 1 LIMIT 21; args=(1,); alias=default
(0.000) SELECT "site_checker_notification"."id", "site_checker_notification"."notification", "site_checker_notification"."is_active" FROM "site_checker_notification" WHERE "site_checker_notification"."is_active"; args=(); alias=default
(0.000) SELECT "site_checker_check"."id", "site_checker_check"."url_name_id", "site_checker_check"."has_expected_title", "site_checker_check"."actual_response_by_http", "site_checker_check"."actual_response_by_https", "site_checker_check"."has_expected_text", "site_checker_check"."created_at" FROM "site_checker_check"; args=(); alias=default
(0.000) SELECT "site_checker_url"."id", "site_checker_url"."name", "site_checker_url"."expected_title", "site_checker_url"."expected_response_by_http", "site_checker_url"."expected_response_by_https", "site_checker_url"."expected_text", "site_checker_url"."check_details", "site_checker_url"."created_at" FROM "site_checker_url" WHERE "site_checker_url"."id" = 27 LIMIT 21; args=(27,); alias=default
(0.000) SELECT "site_checker_url"."id", "site_checker_url"."name", "site_checker_url"."expected_title", "site_checker_url"."expected_response_by_http", "site_checker_url"."expected_response_by_https", "site_checker_url"."expected_text", "site_checker_url"."check_details", "site_checker_url"."created_at" FROM "site_checker_url" WHERE "site_checker_url"."id" = 28 LIMIT 21; args=(28,); alias=default
(0.000) SELECT "site_checker_url"."id", "site_checker_url"."name", "site_checker_url"."expected_title", "site_checker_url"."expected_response_by_http", "site_checker_url"."expected_response_by_https", "site_checker_url"."expected_text", "site_checker_url"."check_details", "site_checker_url"."created_at" FROM "site_checker_url" WHERE "site_checker_url"."id" = 27 LIMIT 21; args=(27,); alias=default
(0.000) SELECT "site_checker_url"."id", "site_checker_url"."name", "site_checker_url"."expected_title", "site_checker_url"."expected_response_by_http", "site_checker_url"."expected_response_by_https", "site_checker_url"."expected_text", "site_checker_url"."check_details", "site_checker_url"."created_at" FROM "site_checker_url" WHERE "site_checker_url"."id" = 28 LIMIT 21; args=(28,); alias=default
(0.000) BEGIN; args=None; alias=default
(0.000) DELETE FROM "site_checker_lastparse"; args=(); alias=default
(0.016) COMMIT; args=None; alias=default
(0.000) INSERT INTO "site_checker_lastparse" ("parse_data", "created_at") VALUES ('citizn-remonts.ru||Часовая мастерская Tissot, ремонт часов Тиссот с гарантией - Citizen™ SUPPORT||301||200||Сервисный центр по ремонту часов Citizen
longins-remonts.ru||Часовая мастерская Longines, ремонт часов Longines с гарантией - Longines™ Service||301||200||Добро пожаловать в наш сервисный центр по ремонту часов Longines!
kuppersberg-remonts.ru||Ремонт Kuppersberg в сервисном центре - Kuppersberg™ Service||301||200||None
', '2023-08-08 13:10:55.062239') RETURNING "site_checker_lastparse"."id"; args=('citizn-remonts.ru||Часовая мастерская Tissot, ремонт часов Тиссот с гарантией - Citizen™ SUPPORT||301||200||Сервисный центр по ремонту часов Citizen\nlongins-remonts.ru||Часовая мастерская Longines, ремонт часов Longines с гарантией - Longines™ Service||301||200||Добро пожаловать в наш сервисный центр по ремонту часов Longines!\nkuppersberg-remonts.ru||Ремонт Kuppersberg в сервисном центре - Kuppersberg™ Service||301||200||None\n', '2023-08-08 13:10:55.062239'); alias=default
(0.000) INSERT INTO "site_checker_notification" ("notification", "is_active") VALUES ('Подготовка citizn-remonts.ru
longins-remonts.ru
kuppersberg закончена', 1) RETURNING "site_checker_notification"."id"; args=('Подготовка citizn-remonts.ru\r\nlongins-remonts.ru\r\nkuppersberg закончена', True); alias=default
(0.001) SELECT "django_session"."session_key", "django_session"."session_data", "django_session"."expire_date" FROM "django_session" WHERE ("django_session"."expire_date" > '2023-08-08 13:10:55.312341' AND "django_session"."session_key" = 'ig7fxbcdkhjd6xsmdal3mld9dn95gdli') LIMIT 21; args=('2023-08-08 13:10:55.312341', 'ig7fxbcdkhjd6xsmdal3mld9dn95gdli'); alias=default
(0.000) SELECT "auth_user"."id", "auth_user"."password", "auth_user"."last_login", "auth_user"."is_superuser", "auth_user"."username", "auth_user"."first_name", "auth_user"."last_name", "auth_user"."email", "auth_user"."is_staff", "auth_user"."is_active", "auth_user"."date_joined" FROM "auth_user" WHERE "auth_user"."id" = 1 LIMIT 21; args=(1,); alias=default
(0.000) SELECT "site_checker_notification"."id", "site_checker_notification"."notification", "site_checker_notification"."is_active" FROM "site_checker_notification" WHERE "site_checker_notification"."is_active"; args=(); alias=default
(0.000) SELECT "site_checker_lastparse"."id", "site_checker_lastparse"."parse_data", "site_checker_lastparse"."created_at" FROM "site_checker_lastparse"; args=(); alias=default
(0.000) SELECT "django_session"."session_key", "django_session"."session_data", "django_session"."expire_date" FROM "django_session" WHERE ("django_session"."expire_date" > '2023-08-08 13:10:57.256294' AND "django_session"."session_key" = 'ig7fxbcdkhjd6xsmdal3mld9dn95gdli') LIMIT 21; args=('2023-08-08 13:10:57.256294', 'ig7fxbcdkhjd6xsmdal3mld9dn95gdli'); alias=default
(0.000) SELECT "auth_user"."id", "auth_user"."password", "auth_user"."last_login", "auth_user"."is_superuser", "auth_user"."username", "auth_user"."first_name", "auth_user"."last_name", "auth_user"."email", "auth_user"."is_staff", "auth_user"."is_active", "auth_user"."date_joined" FROM "auth_user" WHERE "auth_user"."id" = 1 LIMIT 21; args=(1,); alias=default
(0.000) SELECT "site_checker_notification"."id", "site_checker_notification"."notification", "site_checker_notification"."is_active" FROM "site_checker_notification" WHERE "site_checker_notification"."id" = 75 LIMIT 21; args=(75,); alias=default
(0.008) UPDATE "site_checker_notification" SET "notification" = 'Подготовка citizn-remonts.ru
longins-remonts.ru
kuppersberg закончена', "is_active" = 0 WHERE "site_checker_notification"."id" = 75; args=('Подготовка citizn-remonts.ru\r\nlongins-remonts.ru\r\nkuppersberg закончена', False, 75); alias=default
(0.000) SELECT "django_session"."session_key", "django_session"."session_data", "django_session"."expire_date" FROM "django_session" WHERE ("django_session"."expire_date" > '2023-08-08 13:11:18.669566' AND "django_session"."session_key" = 'ig7fxbcdkhjd6xsmdal3mld9dn95gdli') LIMIT 21; args=('2023-08-08 13:11:18.669566', 'ig7fxbcdkhjd6xsmdal3mld9dn95gdli'); alias=default
(0.000) SELECT "auth_user"."id", "auth_user"."password", "auth_user"."last_login", "auth_user"."is_superuser", "auth_user"."username", "auth_user"."first_name", "auth_user"."last_name", "auth_user"."email", "auth_user"."is_staff", "auth_user"."is_active", "auth_user"."date_joined" FROM "auth_user" WHERE "auth_user"."id" = 1 LIMIT 21; args=(1,); alias=default
(0.000) SELECT "site_checker_notification"."id", "site_checker_notification"."notification", "site_checker_notification"."is_active" FROM "site_checker_notification" WHERE "site_checker_notification"."is_active"; args=(); alias=default
(0.001) SELECT "django_session"."session_key", "django_session"."session_data", "django_session"."expire_date" FROM "django_session" WHERE ("django_session"."expire_date" > '2023-08-08 13:11:22.260687' AND "django_session"."session_key" = 'ig7fxbcdkhjd6xsmdal3mld9dn95gdli') LIMIT 21; args=('2023-08-08 13:11:22.260687', 'ig7fxbcdkhjd6xsmdal3mld9dn95gdli'); alias=default
(0.000) SELECT "auth_user"."id", "auth_user"."password", "auth_user"."last_login", "auth_user"."is_superuser", "auth_user"."username", "auth_user"."first_name", "auth_user"."last_name", "auth_user"."email", "auth_user"."is_staff", "auth_user"."is_active", "auth_user"."date_joined" FROM "auth_user" WHERE "auth_user"."id" = 1 LIMIT 21; args=(1,); alias=default
(0.000) SELECT "site_checker_notification"."id", "site_checker_notification"."notification", "site_checker_notification"."is_active" FROM "site_checker_notification" WHERE "site_checker_notification"."is_active"; args=(); alias=default
(0.000) SELECT "site_checker_lastparse"."id", "site_checker_lastparse"."parse_data", "site_checker_lastparse"."created_at" FROM "site_checker_lastparse"; args=(); alias=default
(0.000) SELECT "django_session"."session_key", "django_session"."session_data", "django_session"."expire_date" FROM "django_session" WHERE ("django_session"."expire_date" > '2023-08-08 13:11:25.898399' AND "django_session"."session_key" = 'ig7fxbcdkhjd6xsmdal3mld9dn95gdli') LIMIT 21; args=('2023-08-08 13:11:25.898399', 'ig7fxbcdkhjd6xsmdal3mld9dn95gdli'); alias=default
(0.000) SELECT "auth_user"."id", "auth_user"."password", "auth_user"."last_login", "auth_user"."is_superuser", "auth_user"."username", "auth_user"."first_name", "auth_user"."last_name", "auth_user"."email", "auth_user"."is_staff", "auth_user"."is_active", "auth_user"."date_joined" FROM "auth_user" WHERE "auth_user"."id" = 1 LIMIT 21; args=(1,); alias=default
(0.000) SELECT "site_checker_notification"."id", "site_checker_notification"."notification", "site_checker_notification"."is_active" FROM "site_checker_notification" WHERE "site_checker_notification"."is_active"; args=(); alias=default
(0.000) SELECT "django_session"."session_key", "django_session"."session_data", "django_session"."expire_date" FROM "django_session" WHERE ("django_session"."expire_date" > '2023-08-08 13:11:27.852615' AND "django_session"."session_key" = 'ig7fxbcdkhjd6xsmdal3mld9dn95gdli') LIMIT 21; args=('2023-08-08 13:11:27.852615', 'ig7fxbcdkhjd6xsmdal3mld9dn95gdli'); alias=default
(0.000) SELECT "auth_user"."id", "auth_user"."password", "auth_user"."last_login", "auth_user"."is_superuser", "auth_user"."username", "auth_user"."first_name", "auth_user"."last_name", "auth_user"."email", "auth_user"."is_staff", "auth_user"."is_active", "auth_user"."date_joined" FROM "auth_user" WHERE "auth_user"."id" = 1 LIMIT 21; args=(1,); alias=default
(0.000) SELECT "site_checker_notification"."id", "site_checker_notification"."notification", "site_checker_notification"."is_active" FROM "site_checker_notification" WHERE "site_checker_notification"."is_active"; args=(); alias=default
(0.001) INSERT INTO "site_checker_url" ("name", "expected_title", "expected_response_by_http", "expected_response_by_https", "expected_text", "check_details", "created_at") VALUES ('citizn-remonts.ru', 'Часовая мастерская Tissot, ремонт часов Тиссот с гарантией - Citizen™ SUPPORT', 301, 200, 'Сервисный центр по ремонту часов Citizen', 'ok', '2023-08-08 13:11:27.878740') RETURNING "site_checker_url"."id"; args=('citizn-remonts.ru', 'Часовая мастерская Tissot, ремонт часов Тиссот с гарантией - Citizen™ SUPPORT', 301, 200, 'Сервисный центр по ремонту часов Citizen', 'ok', '2023-08-08 13:11:27.878740'); alias=default
(0.000) INSERT INTO "site_checker_url" ("name", "expected_title", "expected_response_by_http", "expected_response_by_https", "expected_text", "check_details", "created_at") VALUES ('longins-remonts.ru', 'Часовая мастерская Longines, ремонт часов Longines с гарантией - Longines™ Service', 301, 200, 'Добро пожаловать в наш сервисный центр по ремонту часов Longines!', 'ok', '2023-08-08 13:11:27.902373') RETURNING "site_checker_url"."id"; args=('longins-remonts.ru', 'Часовая мастерская Longines, ремонт часов Longines с гарантией - Longines™ Service', 301, 200, 'Добро пожаловать в наш сервисный центр по ремонту часов Longines!', 'ok', '2023-08-08 13:11:27.902373'); alias=default
(0.000) INSERT INTO "site_checker_url" ("name", "expected_title", "expected_response_by_http", "expected_response_by_https", "expected_text", "check_details", "created_at") VALUES ('kuppersberg-remonts.ru', 'Ремонт Kuppersberg в сервисном центре - Kuppersberg™ Service', 301, 200, 'None', 'ok', '2023-08-08 13:11:27.910716') RETURNING "site_checker_url"."id"; args=('kuppersberg-remonts.ru', 'Ремонт Kuppersberg в сервисном центре - Kuppersberg™ Service', 301, 200, 'None', 'ok', '2023-08-08 13:11:27.910716'); alias=default
(0.000) INSERT INTO "site_checker_notification" ("notification", "is_active") VALUES ('"citizn-remonts.ru||Часовая мастерская Tissot, ремонт часов Тиссот с гарантией - Citizen™ SUPPORT||30" будут добавлены в базу данных', 1) RETURNING "site_checker_notification"."id"; args=('"citizn-remonts.ru||Часовая мастерская Tissot, ремонт часов Тиссот с гарантией - Citizen™ SUPPORT||30" будут добавлены в базу данных', True); alias=default
(0.000) SELECT "django_session"."session_key", "django_session"."session_data", "django_session"."expire_date" FROM "django_session" WHERE ("django_session"."expire_date" > '2023-08-08 13:11:29.379958' AND "django_session"."session_key" = 'ig7fxbcdkhjd6xsmdal3mld9dn95gdli') LIMIT 21; args=('2023-08-08 13:11:29.379958', 'ig7fxbcdkhjd6xsmdal3mld9dn95gdli'); alias=default
(0.000) SELECT "auth_user"."id", "auth_user"."password", "auth_user"."last_login", "auth_user"."is_superuser", "auth_user"."username", "auth_user"."first_name", "auth_user"."last_name", "auth_user"."email", "auth_user"."is_staff", "auth_user"."is_active", "auth_user"."date_joined" FROM "auth_user" WHERE "auth_user"."id" = 1 LIMIT 21; args=(1,); alias=default
(0.000) SELECT "site_checker_notification"."id", "site_checker_notification"."notification", "site_checker_notification"."is_active" FROM "site_checker_notification" WHERE "site_checker_notification"."is_active"; args=(); alias=default
(0.000) SELECT "site_checker_check"."id", "site_checker_check"."url_name_id", "site_checker_check"."has_expected_title", "site_checker_check"."actual_response_by_http", "site_checker_check"."actual_response_by_https", "site_checker_check"."has_expected_text", "site_checker_check"."created_at" FROM "site_checker_check"; args=(); alias=default
(0.000) SELECT "site_checker_url"."id", "site_checker_url"."name", "site_checker_url"."expected_title", "site_checker_url"."expected_response_by_http", "site_checker_url"."expected_response_by_https", "site_checker_url"."expected_text", "site_checker_url"."check_details", "site_checker_url"."created_at" FROM "site_checker_url" WHERE "site_checker_url"."id" = 27 LIMIT 21; args=(27,); alias=default
(0.000) SELECT "site_checker_url"."id", "site_checker_url"."name", "site_checker_url"."expected_title", "site_checker_url"."expected_response_by_http", "site_checker_url"."expected_response_by_https", "site_checker_url"."expected_text", "site_checker_url"."check_details", "site_checker_url"."created_at" FROM "site_checker_url" WHERE "site_checker_url"."id" = 28 LIMIT 21; args=(28,); alias=default
(0.000) SELECT "site_checker_url"."id", "site_checker_url"."name", "site_checker_url"."expected_title", "site_checker_url"."expected_response_by_http", "site_checker_url"."expected_response_by_https", "site_checker_url"."expected_text", "site_checker_url"."check_details", "site_checker_url"."created_at" FROM "site_checker_url" WHERE "site_checker_url"."id" = 27 LIMIT 21; args=(27,); alias=default
(0.000) SELECT "site_checker_url"."id", "site_checker_url"."name", "site_checker_url"."expected_title", "site_checker_url"."expected_response_by_http", "site_checker_url"."expected_response_by_https", "site_checker_url"."expected_text", "site_checker_url"."check_details", "site_checker_url"."created_at" FROM "site_checker_url" WHERE "site_checker_url"."id" = 28 LIMIT 21; args=(28,); alias=default
(0.001) SELECT "django_session"."session_key", "django_session"."session_data", "django_session"."expire_date" FROM "django_session" WHERE ("django_session"."expire_date" > '2023-08-08 13:11:30.240311' AND "django_session"."session_key" = 'ig7fxbcdkhjd6xsmdal3mld9dn95gdli') LIMIT 21; args=('2023-08-08 13:11:30.240311', 'ig7fxbcdkhjd6xsmdal3mld9dn95gdli'); alias=default
(0.000) SELECT "auth_user"."id", "auth_user"."password", "auth_user"."last_login", "auth_user"."is_superuser", "auth_user"."username", "auth_user"."first_name", "auth_user"."last_name", "auth_user"."email", "auth_user"."is_staff", "auth_user"."is_active", "auth_user"."date_joined" FROM "auth_user" WHERE "auth_user"."id" = 1 LIMIT 21; args=(1,); alias=default
(0.000) SELECT "site_checker_notification"."id", "site_checker_notification"."notification", "site_checker_notification"."is_active" FROM "site_checker_notification" WHERE "site_checker_notification"."is_active"; args=(); alias=default
(0.000) SELECT "site_checker_url"."id", "site_checker_url"."name", "site_checker_url"."expected_title", "site_checker_url"."expected_response_by_http", "site_checker_url"."expected_response_by_https", "site_checker_url"."expected_text", "site_checker_url"."check_details", "site_checker_url"."created_at" FROM "site_checker_url"; args=(); alias=default
(0.001) SELECT "django_session"."session_key", "django_session"."session_data", "django_session"."expire_date" FROM "django_session" WHERE ("django_session"."expire_date" > '2023-08-08 13:21:03.315009' AND "django_session"."session_key" = 'ig7fxbcdkhjd6xsmdal3mld9dn95gdli') LIMIT 21; args=('2023-08-08 13:21:03.315009', 'ig7fxbcdkhjd6xsmdal3mld9dn95gdli'); alias=default
(0.000) SELECT "auth_user"."id", "auth_user"."password", "auth_user"."last_login", "auth_user"."is_superuser", "auth_user"."username", "auth_user"."first_name", "auth_user"."last_name", "auth_user"."email", "auth_user"."is_staff", "auth_user"."is_active", "auth_user"."date_joined" FROM "auth_user" WHERE "auth_user"."id" = 1 LIMIT 21; args=(1,); alias=default
(0.000) SELECT "site_checker_notification"."id", "site_checker_notification"."notification", "site_checker_notification"."is_active" FROM "site_checker_notification" WHERE "site_checker_notification"."id" = 76 LIMIT 21; args=(76,); alias=default
(0.016) UPDATE "site_checker_notification" SET "notification" = '"citizn-remonts.ru||Часовая мастерская Tissot, ремонт часов Тиссот с гарантией - Citizen™ SUPPORT||30" будут добавлены в базу данных', "is_active" = 0 WHERE "site_checker_notification"."id" = 76; args=('"citizn-remonts.ru||Часовая мастерская Tissot, ремонт часов Тиссот с гарантией - Citizen™ SUPPORT||30" будут добавлены в базу данных', False, 76); alias=default
(0.000) SELECT "django_session"."session_key", "django_session"."session_data", "django_session"."expire_date" FROM "django_session" WHERE ("django_session"."expire_date" > '2023-08-08 13:21:06.051432' AND "django_session"."session_key" = 'ig7fxbcdkhjd6xsmdal3mld9dn95gdli') LIMIT 21; args=('2023-08-08 13:21:06.051432', 'ig7fxbcdkhjd6xsmdal3mld9dn95gdli'); alias=default
(0.000) SELECT "auth_user"."id", "auth_user"."password", "auth_user"."last_login", "auth_user"."is_superuser", "auth_user"."username", "auth_user"."first_name", "auth_user"."last_name", "auth_user"."email", "auth_user"."is_staff", "auth_user"."is_active", "auth_user"."date_joined" FROM "auth_user" WHERE "auth_user"."id" = 1 LIMIT 21; args=(1,); alias=default
(0.000) SELECT "site_checker_notification"."id", "site_checker_notification"."notification", "site_checker_notification"."is_active" FROM "site_checker_notification" WHERE "site_checker_notification"."is_active"; args=(); alias=default
(0.000) SELECT "django_session"."session_key", "django_session"."session_data", "django_session"."expire_date" FROM "django_session" WHERE ("django_session"."expire_date" > '2023-08-08 13:21:09.592162' AND "django_session"."session_key" = 'ig7fxbcdkhjd6xsmdal3mld9dn95gdli') LIMIT 21; args=('2023-08-08 13:21:09.592162', 'ig7fxbcdkhjd6xsmdal3mld9dn95gdli'); alias=default
(0.000) SELECT "auth_user"."id", "auth_user"."password", "auth_user"."last_login", "auth_user"."is_superuser", "auth_user"."username", "auth_user"."first_name", "auth_user"."last_name", "auth_user"."email", "auth_user"."is_staff", "auth_user"."is_active", "auth_user"."date_joined" FROM "auth_user" WHERE "auth_user"."id" = 1 LIMIT 21; args=(1,); alias=default
(0.001) INSERT INTO "site_checker_notification" ("notification", "is_active") VALUES ('Подготовка pocktbook-repair.ru||Ремонт PocketBook в сервисном началась', 1) RETURNING "site_checker_notification"."id"; args=('Подготовка pocktbook-repair.ru||Ремонт PocketBook в сервисном началась', True); alias=default
(0.001) SELECT "site_checker_notification"."id", "site_checker_notification"."notification", "site_checker_notification"."is_active" FROM "site_checker_notification" WHERE "site_checker_notification"."is_active"; args=(); alias=default
(0.000) BEGIN; args=None; alias=default
(0.000) DELETE FROM "site_checker_lastparse"; args=(); alias=default
(0.011) COMMIT; args=None; alias=default
(0.000) INSERT INTO "site_checker_lastparse" ("parse_data", "created_at") VALUES ('pocktbook-repair.ru||Ремонт PocketBook в сервисном центре  - POCKETBOOK™ RECOVERY||200||200||Сервисный центр PocketBookNone
dyson-serv.ru||Ремонт пылесосов Dyson в сервисном центре - Dyson™ Assist||301||200||NoneNone
hrmn-repair.ru||Ремонт Harman Kardon в сервисном центре - HARMAN™ SERVICE||301||200||NoneNone
blackview-repair.ru||Ремонт Blackview в сервисном центре  - BLACKVIEW™ HELPERS||200||200||Ремонт техники BlackviewNone
suunt-repair.ru||Ремонт Suunto в сервисном центре - Suunto™ Service||301||200||Ремонт часов Suunto  от 45 минутNone
ulefone-repair.ru||Ремонт Ulefone в сервисном центре Ulefone - ULEFONE™ RECOVERY||301||200||Ремонт UlefoneNone
doogee-repair.ru||Ремонт Doogee в сервисном центре Doogee - DOOGEE™ RECOVERY||200||200||Ремонт DoogeeNone
oukitel-remonts.ru||Ремонт Oukitel в сервисном центре Oukitel - OUKITEL™ RECOVERY||200||200||Ремонт OukitelNone
', '2023-08-08 13:21:09.694504') RETURNING "site_checker_lastparse"."id"; args=('pocktbook-repair.ru||Ремонт PocketBook в сервисном центре  - POCKETBOOK™ RECOVERY||200||200||Сервисный центр PocketBookNone\ndyson-serv.ru||Ремонт пылесосов Dyson в сервисном центре - Dyson™ Assist||301||200||NoneNone\nhrmn-repair.ru||Ремонт Harman Kardon в сервисном центре - HARMAN™ SERVICE||301||200||NoneNone\nblackview-repair.ru||Ремонт Blackview в сервисном центре  - BLACKVIEW™ HELPERS||200||200||Ремонт техники BlackviewNone\nsuunt-repair.ru||Ремонт Suunto в сервисном центре - Suunto™ Service||301||200||Ремонт часов Suunto  от 45 минутNone\nulefone-repair.ru||Ремонт Ulefone в сервисном центре Ulefone - ULEFONE™ RECOVERY||301||200||Ремонт UlefoneNone\ndoogee-repair.ru||Ремонт Doogee в сервисном центре Doogee - DOOGEE™ RECOVERY||200||200||Ремонт DoogeeNone\noukitel-remonts.ru||Ремонт Oukitel в сервисном центре Oukitel - OUKITEL™ RECOVERY||200||200||Ремонт OukitelNone\n', '2023-08-08 13:21:09.694504'); alias=default
(0.000) INSERT INTO "site_checker_notification" ("notification", "is_active") VALUES ('Подготовка pocktbook-repair.ru||Ремонт PocketBook в сервисном закончена', 1) RETURNING "site_checker_notification"."id"; args=('Подготовка pocktbook-repair.ru||Ремонт PocketBook в сервисном закончена', True); alias=default
(0.000) SELECT "django_session"."session_key", "django_session"."session_data", "django_session"."expire_date" FROM "django_session" WHERE ("django_session"."expire_date" > '2023-08-08 13:21:12.778375' AND "django_session"."session_key" = 'ig7fxbcdkhjd6xsmdal3mld9dn95gdli') LIMIT 21; args=('2023-08-08 13:21:12.778375', 'ig7fxbcdkhjd6xsmdal3mld9dn95gdli'); alias=default
(0.000) SELECT "auth_user"."id", "auth_user"."password", "auth_user"."last_login", "auth_user"."is_superuser", "auth_user"."username", "auth_user"."first_name", "auth_user"."last_name", "auth_user"."email", "auth_user"."is_staff", "auth_user"."is_active", "auth_user"."date_joined" FROM "auth_user" WHERE "auth_user"."id" = 1 LIMIT 21; args=(1,); alias=default
(0.000) SELECT "site_checker_notification"."id", "site_checker_notification"."notification", "site_checker_notification"."is_active" FROM "site_checker_notification" WHERE "site_checker_notification"."id" = 77 LIMIT 21; args=(77,); alias=default
(0.021) UPDATE "site_checker_notification" SET "notification" = 'Подготовка pocktbook-repair.ru||Ремонт PocketBook в сервисном началась', "is_active" = 0 WHERE "site_checker_notification"."id" = 77; args=('Подготовка pocktbook-repair.ru||Ремонт PocketBook в сервисном началась', False, 77); alias=default
(0.000) SELECT "django_session"."session_key", "django_session"."session_data", "django_session"."expire_date" FROM "django_session" WHERE ("django_session"."expire_date" > '2023-08-08 13:21:15.019474' AND "django_session"."session_key" = 'ig7fxbcdkhjd6xsmdal3mld9dn95gdli') LIMIT 21; args=('2023-08-08 13:21:15.019474', 'ig7fxbcdkhjd6xsmdal3mld9dn95gdli'); alias=default
(0.000) SELECT "auth_user"."id", "auth_user"."password", "auth_user"."last_login", "auth_user"."is_superuser", "auth_user"."username", "auth_user"."first_name", "auth_user"."last_name", "auth_user"."email", "auth_user"."is_staff", "auth_user"."is_active", "auth_user"."date_joined" FROM "auth_user" WHERE "auth_user"."id" = 1 LIMIT 21; args=(1,); alias=default
(0.000) SELECT "site_checker_notification"."id", "site_checker_notification"."notification", "site_checker_notification"."is_active" FROM "site_checker_notification" WHERE "site_checker_notification"."is_active"; args=(); alias=default
(0.000) SELECT "django_session"."session_key", "django_session"."session_data", "django_session"."expire_date" FROM "django_session" WHERE ("django_session"."expire_date" > '2023-08-08 13:21:16.660000' AND "django_session"."session_key" = 'ig7fxbcdkhjd6xsmdal3mld9dn95gdli') LIMIT 21; args=('2023-08-08 13:21:16.660000', 'ig7fxbcdkhjd6xsmdal3mld9dn95gdli'); alias=default
(0.000) SELECT "auth_user"."id", "auth_user"."password", "auth_user"."last_login", "auth_user"."is_superuser", "auth_user"."username", "auth_user"."first_name", "auth_user"."last_name", "auth_user"."email", "auth_user"."is_staff", "auth_user"."is_active", "auth_user"."date_joined" FROM "auth_user" WHERE "auth_user"."id" = 1 LIMIT 21; args=(1,); alias=default
(0.000) SELECT "site_checker_notification"."id", "site_checker_notification"."notification", "site_checker_notification"."is_active" FROM "site_checker_notification" WHERE "site_checker_notification"."id" = 78 LIMIT 21; args=(78,); alias=default
(0.008) UPDATE "site_checker_notification" SET "notification" = 'Подготовка pocktbook-repair.ru||Ремонт PocketBook в сервисном закончена', "is_active" = 0 WHERE "site_checker_notification"."id" = 78; args=('Подготовка pocktbook-repair.ru||Ремонт PocketBook в сервисном закончена', False, 78); alias=default
(0.000) SELECT "django_session"."session_key", "django_session"."session_data", "django_session"."expire_date" FROM "django_session" WHERE ("django_session"."expire_date" > '2023-08-08 13:21:19.622604' AND "django_session"."session_key" = 'ig7fxbcdkhjd6xsmdal3mld9dn95gdli') LIMIT 21; args=('2023-08-08 13:21:19.622604', 'ig7fxbcdkhjd6xsmdal3mld9dn95gdli'); alias=default
(0.000) SELECT "auth_user"."id", "auth_user"."password", "auth_user"."last_login", "auth_user"."is_superuser", "auth_user"."username", "auth_user"."first_name", "auth_user"."last_name", "auth_user"."email", "auth_user"."is_staff", "auth_user"."is_active", "auth_user"."date_joined" FROM "auth_user" WHERE "auth_user"."id" = 1 LIMIT 21; args=(1,); alias=default
(0.000) SELECT "site_checker_notification"."id", "site_checker_notification"."notification", "site_checker_notification"."is_active" FROM "site_checker_notification" WHERE "site_checker_notification"."is_active"; args=(); alias=default
(0.001) INSERT INTO "site_checker_url" ("name", "expected_title", "expected_response_by_http", "expected_response_by_https", "expected_text", "check_details", "created_at") VALUES ('pocktbook-repair.ru', 'Ремонт PocketBook в сервисном центре  - POCKETBOOK™ RECOVERY', 200, 200, 'Сервисный центр PocketBook', 'ok', '2023-08-08 13:21:19.650465') RETURNING "site_checker_url"."id"; args=('pocktbook-repair.ru', 'Ремонт PocketBook в сервисном центре  - POCKETBOOK™ RECOVERY', 200, 200, 'Сервисный центр PocketBook', 'ok', '2023-08-08 13:21:19.650465'); alias=default
(0.000) INSERT INTO "site_checker_url" ("name", "expected_title", "expected_response_by_http", "expected_response_by_https", "expected_text", "check_details", "created_at") VALUES ('dyson-serv.ru', 'Ремонт пылесосов Dyson в сервисном центре - Dyson™ Assist', 301, 200, 'None', 'ok', '2023-08-08 13:21:19.675620') RETURNING "site_checker_url"."id"; args=('dyson-serv.ru', 'Ремонт пылесосов Dyson в сервисном центре - Dyson™ Assist', 301, 200, 'None', 'ok', '2023-08-08 13:21:19.675620'); alias=default
(0.000) INSERT INTO "site_checker_url" ("name", "expected_title", "expected_response_by_http", "expected_response_by_https", "expected_text", "check_details", "created_at") VALUES ('hrmn-repair.ru', 'Ремонт Harman Kardon в сервисном центре - HARMAN™ SERVICE', 301, 200, 'None', 'ok', '2023-08-08 13:21:19.683804') RETURNING "site_checker_url"."id"; args=('hrmn-repair.ru', 'Ремонт Harman Kardon в сервисном центре - HARMAN™ SERVICE', 301, 200, 'None', 'ok', '2023-08-08 13:21:19.683804'); alias=default
(0.000) INSERT INTO "site_checker_url" ("name", "expected_title", "expected_response_by_http", "expected_response_by_https", "expected_text", "check_details", "created_at") VALUES ('blackview-repair.ru', 'Ремонт Blackview в сервисном центре  - BLACKVIEW™ HELPERS', 200, 200, 'Ремонт техники Blackview', 'ok', '2023-08-08 13:21:19.692194') RETURNING "site_checker_url"."id"; args=('blackview-repair.ru', 'Ремонт Blackview в сервисном центре  - BLACKVIEW™ HELPERS', 200, 200, 'Ремонт техники Blackview', 'ok', '2023-08-08 13:21:19.692194'); alias=default
(0.000) INSERT INTO "site_checker_url" ("name", "expected_title", "expected_response_by_http", "expected_response_by_https", "expected_text", "check_details", "created_at") VALUES ('suunt-repair.ru', 'Ремонт Suunto в сервисном центре - Suunto™ Service', 301, 200, 'Ремонт часов Suunto  от 45 минут', 'ok', '2023-08-08 13:21:19.700609') RETURNING "site_checker_url"."id"; args=('suunt-repair.ru', 'Ремонт Suunto в сервисном центре - Suunto™ Service', 301, 200, 'Ремонт часов Suunto  от 45 минут', 'ok', '2023-08-08 13:21:19.700609'); alias=default
(0.000) INSERT INTO "site_checker_url" ("name", "expected_title", "expected_response_by_http", "expected_response_by_https", "expected_text", "check_details", "created_at") VALUES ('ulefone-repair.ru', 'Ремонт Ulefone в сервисном центре Ulefone - ULEFONE™ RECOVERY', 301, 200, 'Ремонт Ulefone', 'ok', '2023-08-08 13:21:19.708917') RETURNING "site_checker_url"."id"; args=('ulefone-repair.ru', 'Ремонт Ulefone в сервисном центре Ulefone - ULEFONE™ RECOVERY', 301, 200, 'Ремонт Ulefone', 'ok', '2023-08-08 13:21:19.708917'); alias=default
(0.000) INSERT INTO "site_checker_url" ("name", "expected_title", "expected_response_by_http", "expected_response_by_https", "expected_text", "check_details", "created_at") VALUES ('doogee-repair.ru', 'Ремонт Doogee в сервисном центре Doogee - DOOGEE™ RECOVERY', 200, 200, 'Ремонт Doogee', 'ok', '2023-08-08 13:21:19.709773') RETURNING "site_checker_url"."id"; args=('doogee-repair.ru', 'Ремонт Doogee в сервисном центре Doogee - DOOGEE™ RECOVERY', 200, 200, 'Ремонт Doogee', 'ok', '2023-08-08 13:21:19.709773'); alias=default
(0.000) INSERT INTO "site_checker_url" ("name", "expected_title", "expected_response_by_http", "expected_response_by_https", "expected_text", "check_details", "created_at") VALUES ('oukitel-remonts.ru', 'Ремонт Oukitel в сервисном центре Oukitel - OUKITEL™ RECOVERY', 200, 200, 'Ремонт Oukitel', 'ok', '2023-08-08 13:21:19.727632') RETURNING "site_checker_url"."id"; args=('oukitel-remonts.ru', 'Ремонт Oukitel в сервисном центре Oukitel - OUKITEL™ RECOVERY', 200, 200, 'Ремонт Oukitel', 'ok', '2023-08-08 13:21:19.727632'); alias=default
(0.000) INSERT INTO "site_checker_notification" ("notification", "is_active") VALUES ('"pocktbook-repair.ru||Ремонт PocketBook в сервисном центре  - POCKETBOOK™ RECOVERY||200||200||Сервисн" будут добавлены в базу данных', 1) RETURNING "site_checker_notification"."id"; args=('"pocktbook-repair.ru||Ремонт PocketBook в сервисном центре  - POCKETBOOK™ RECOVERY||200||200||Сервисн" будут добавлены в базу данных', True); alias=default
(0.001) SELECT "django_session"."session_key", "django_session"."session_data", "django_session"."expire_date" FROM "django_session" WHERE ("django_session"."expire_date" > '2023-08-08 13:21:21.864163' AND "django_session"."session_key" = 'ig7fxbcdkhjd6xsmdal3mld9dn95gdli') LIMIT 21; args=('2023-08-08 13:21:21.864163', 'ig7fxbcdkhjd6xsmdal3mld9dn95gdli'); alias=default
(0.000) SELECT "auth_user"."id", "auth_user"."password", "auth_user"."last_login", "auth_user"."is_superuser", "auth_user"."username", "auth_user"."first_name", "auth_user"."last_name", "auth_user"."email", "auth_user"."is_staff", "auth_user"."is_active", "auth_user"."date_joined" FROM "auth_user" WHERE "auth_user"."id" = 1 LIMIT 21; args=(1,); alias=default
(0.000) SELECT "site_checker_notification"."id", "site_checker_notification"."notification", "site_checker_notification"."is_active" FROM "site_checker_notification" WHERE "site_checker_notification"."is_active"; args=(); alias=default
(0.000) SELECT "site_checker_url"."id", "site_checker_url"."name", "site_checker_url"."expected_title", "site_checker_url"."expected_response_by_http", "site_checker_url"."expected_response_by_https", "site_checker_url"."expected_text", "site_checker_url"."check_details", "site_checker_url"."created_at" FROM "site_checker_url"; args=(); alias=default
(0.000) SELECT "django_session"."session_key", "django_session"."session_data", "django_session"."expire_date" FROM "django_session" WHERE ("django_session"."expire_date" > '2023-08-08 13:21:23.652181' AND "django_session"."session_key" = 'ig7fxbcdkhjd6xsmdal3mld9dn95gdli') LIMIT 21; args=('2023-08-08 13:21:23.652181', 'ig7fxbcdkhjd6xsmdal3mld9dn95gdli'); alias=default
(0.000) SELECT "auth_user"."id", "auth_user"."password", "auth_user"."last_login", "auth_user"."is_superuser", "auth_user"."username", "auth_user"."first_name", "auth_user"."last_name", "auth_user"."email", "auth_user"."is_staff", "auth_user"."is_active", "auth_user"."date_joined" FROM "auth_user" WHERE "auth_user"."id" = 1 LIMIT 21; args=(1,); alias=default
(0.000) SELECT "site_checker_notification"."id", "site_checker_notification"."notification", "site_checker_notification"."is_active" FROM "site_checker_notification" WHERE "site_checker_notification"."id" = 79 LIMIT 21; args=(79,); alias=default
(0.028) UPDATE "site_checker_notification" SET "notification" = '"pocktbook-repair.ru||Ремонт PocketBook в сервисном центре  - POCKETBOOK™ RECOVERY||200||200||Сервисн" будут добавлены в базу данных', "is_active" = 0 WHERE "site_checker_notification"."id" = 79; args=('"pocktbook-repair.ru||Ремонт PocketBook в сервисном центре  - POCKETBOOK™ RECOVERY||200||200||Сервисн" будут добавлены в базу данных', False, 79); alias=default
